[debug] [2023-05-05T08:43:50.712Z] ----------------------------------------------------------------------
[debug] [2023-05-05T08:43:50.718Z] Command:       C:\Program Files\nodejs\node.exe C:\Users\nilaa\AppData\Roaming\npm\node_modules\firebase-tools\lib\bin\firebase.js deploy
[debug] [2023-05-05T08:43:50.719Z] CLI Version:   11.30.0
[debug] [2023-05-05T08:43:50.720Z] Platform:      win32
[debug] [2023-05-05T08:43:50.720Z] Node Version:  v18.15.0
[debug] [2023-05-05T08:43:50.722Z] Time:          Fri May 05 2023 12:43:50 GMT+0400 (Gulf Standard Time)
[debug] [2023-05-05T08:43:50.723Z] ----------------------------------------------------------------------
[debug] 
[debug] [2023-05-05T08:43:50.871Z] > command requires scopes: ["email","openid","https://www.googleapis.com/auth/cloudplatformprojects.readonly","https://www.googleapis.com/auth/firebase","https://www.googleapis.com/auth/cloud-platform"]
[debug] [2023-05-05T08:43:50.872Z] > authorizing via signed-in user (niloferabdul4@gmail.com)
[debug] [2023-05-05T08:43:50.872Z] [iam] checking project realestateapp-dd755 for permissions ["firebase.projects.get","firebasehosting.sites.update"]
[debug] [2023-05-05T08:43:50.875Z] > refreshing access token with scopes: []
[debug] [2023-05-05T08:43:50.879Z] >>> [apiv2][query] POST https://www.googleapis.com/oauth2/v3/token [none]
[debug] [2023-05-05T08:43:50.879Z] >>> [apiv2][body] POST https://www.googleapis.com/oauth2/v3/token [omitted]
[debug] [2023-05-05T08:43:51.418Z] <<< [apiv2][status] POST https://www.googleapis.com/oauth2/v3/token 200
[debug] [2023-05-05T08:43:51.419Z] <<< [apiv2][body] POST https://www.googleapis.com/oauth2/v3/token [omitted]
[debug] [2023-05-05T08:43:51.432Z] >>> [apiv2][query] POST https://cloudresourcemanager.googleapis.com/v1/projects/realestateapp-dd755:testIamPermissions [none]
[debug] [2023-05-05T08:43:51.432Z] >>> [apiv2][(partial)header] POST https://cloudresourcemanager.googleapis.com/v1/projects/realestateapp-dd755:testIamPermissions x-goog-quota-user=projects/realestateapp-dd755
[debug] [2023-05-05T08:43:51.433Z] >>> [apiv2][body] POST https://cloudresourcemanager.googleapis.com/v1/projects/realestateapp-dd755:testIamPermissions {"permissions":["firebase.projects.get","firebasehosting.sites.update"]}
[debug] [2023-05-05T08:43:53.052Z] <<< [apiv2][status] POST https://cloudresourcemanager.googleapis.com/v1/projects/realestateapp-dd755:testIamPermissions 200
[debug] [2023-05-05T08:43:53.052Z] <<< [apiv2][body] POST https://cloudresourcemanager.googleapis.com/v1/projects/realestateapp-dd755:testIamPermissions {"permissions":["firebase.projects.get","firebasehosting.sites.update"]}
[debug] [2023-05-05T08:43:53.054Z] >>> [apiv2][query] GET https://firebase.googleapis.com/v1beta1/projects/realestateapp-dd755 [none]
[debug] [2023-05-05T08:43:53.724Z] <<< [apiv2][status] GET https://firebase.googleapis.com/v1beta1/projects/realestateapp-dd755 200
[debug] [2023-05-05T08:43:53.724Z] <<< [apiv2][body] GET https://firebase.googleapis.com/v1beta1/projects/realestateapp-dd755 {"projectId":"realestateapp-dd755","projectNumber":"440389359836","displayName":"realEstateApp","name":"projects/realestateapp-dd755","resources":{"hostingSite":"realestateapp-dd755"},"state":"ACTIVE","etag":"1_59905e14-f9d3-42fb-a1ef-8e1c045a772a"}
[info] 
[info] === Deploying to 'realestateapp-dd755'...
[info] 
[info] i  deploying hosting 
[debug] [2023-05-05T08:43:53.736Z] >>> [apiv2][query] POST https://firebasehosting.googleapis.com/v1beta1/projects/-/sites/realestateapp-dd755/versions [none]
[debug] [2023-05-05T08:43:53.736Z] >>> [apiv2][body] POST https://firebasehosting.googleapis.com/v1beta1/projects/-/sites/realestateapp-dd755/versions {"status":"CREATED","labels":{"deployment-tool":"cli-firebase"}}
[debug] [2023-05-05T08:43:55.800Z] <<< [apiv2][status] POST https://firebasehosting.googleapis.com/v1beta1/projects/-/sites/realestateapp-dd755/versions 200
[debug] [2023-05-05T08:43:55.801Z] <<< [apiv2][body] POST https://firebasehosting.googleapis.com/v1beta1/projects/-/sites/realestateapp-dd755/versions {"name":"projects/440389359836/sites/realestateapp-dd755/versions/4db2fef13faeafb9","status":"CREATED","config":{},"labels":{"deployment-tool":"cli-firebase"}}
[info] i  hosting[realestateapp-dd755]: beginning deploy... 
[info] i  hosting[realestateapp-dd755]: found 60 files in build 
[debug] [2023-05-05T08:43:55.833Z] [hosting] uploading with 200 concurrency
[debug] [2023-05-05T08:43:55.849Z] [hosting] hash cache [YnVpbGQ] stored for 60 files
[debug] [2023-05-05T08:43:55.850Z] [hosting][hash queue][FINAL] {"max":6,"min":0,"avg":0.15722744736033323,"active":0,"complete":60,"success":60,"errored":0,"retried":0,"total":60,"elapsed":12}
[debug] [2023-05-05T08:43:55.851Z] >>> [apiv2][query] POST https://firebasehosting.googleapis.com/v1beta1/projects/440389359836/sites/realestateapp-dd755/versions/4db2fef13faeafb9:populateFiles [none]
[debug] [2023-05-05T08:43:55.851Z] >>> [apiv2][body] POST https://firebasehosting.googleapis.com/v1beta1/projects/440389359836/sites/realestateapp-dd755/versions/4db2fef13faeafb9:populateFiles {"files":{"/asset-manifest.json":"11822d5525130227060bcdff65f9ffd5e9bc93fafc5d1c2cf607297831feaaf0","/index.html":"08d81b38dc428ae439f77777f05693b550bc51721c0a6b8ef52e006c73372210","/manifest.json":"aff3449bdc238776f5d6d967f19ec491b36aed5fb7f23ccff6500736fd58494a","/robots.txt":"bfe106a3fb878dc83461c86818bf74fc1bdc7f28538ba613cd3e775516ce8b49","/assets/img/hero-img.jpg":"bcc6c845cafb63fefe03c31802a518d547dda017872f87e4382003de9c83b620","/assets/img/agents/agent1.png":"ca2948dca38cae09bdcf64b6013112333244428e03743245f4cac10c397dc13d","/assets/img/agents/agent10.png":"6ca257e4abf3d01bba328a93335706af420dea4eccc56ec502b915a738107489","/assets/img/agents/agent11.png":"ff561c6b45c3d8cdbcbc5d8eafe851e2682ceb29ad11a76353632a9b34941cdf","/assets/img/agents/agent12.png":"9610fb5351f1f9b7122abec0d054b357ba22edb6d4ef987f5cf402ad53f5e23f","/assets/img/agents/agent2.png":"7a1794b924b21492b135e16b72ce06308cf345579c467a84e459a6dd50bddddc","/assets/img/agents/agent3.png":"650245fe235835d3306fe7153b52f6f399f8294603f8e1fd190b1b617179a4c4","/assets/img/agents/agent4.png":"e1a70726fba4ffdd8d7af12046cb69d708e40fbcb4b79f81a81d5a93f4dae97b","/assets/img/agents/agent5.png":"97c14b0c8543d861d4273edc324aeaeca3b41f010c3a71fd4f4449ea44fe2bb3","/assets/img/agents/agent6.png":"59e149bc42bf8442b1bf2758aec84f72dc7da0931fb1415448a96abf88f222fe","/assets/img/agents/agent7.png":"7e4654724a5a42187ac819a85d7bd35804682ae0df1bee25ba6074920cab1234","/assets/img/agents/agent8.png":"30dcac9a4819c1f65fb2f05e3b0b55cc73f44dcd41031b8f6cd979bc81690db1","/assets/img/agents/agent9.png":"df16dac2921f108b18638dfbae75c95484ea10f8304fb54875f47604ff8c0102","/assets/img/apartments/a1.png":"e916e4407e1d09c397d97126dff9b5272b5f15f4a74ed09b1f3eb428d6d8b069","/assets/img/apartments/a5lg.png":"798dafb6fca9f2382f068088091d87a2c616f623cd724d511f9f5db4c07616b9","/assets/img/apartments/a7.png":"a50d20f9c7b6bba5ee8811ada57f9ee89741e5161a4f2549a58234afb395de4b","/assets/img/apartments/a8.png":"c5a2ffe3602ed6594d4a9c38debb846702b204855c8b6c75b636543556b6c784","/assets/img/apartments/p-1.png":"e7fe5b211f4a7a5fd72ec8dda967ee06b07882d12f83125abb68879c372178ba","/assets/img/apartments/p-5.png":"b18c6f2451894bdd3c18ba20031e63611b7eaad3793be42c1ba64d9efda99926","/assets/img/categories/all.jfif":"27e7b25852298ecd5b91bea2d02d359d11307611e395c7a79e5d5328fe75657a","/assets/img/categories/h0.png":"47ccfb4892323d4915eabaa7259f456434dd99fd29edc16572227c38c2be3129","/assets/img/categories/h1.png":"ab1f05a3d06093da5593b72518754a9b6610b798a4bbe7a3db5f5330ba0ec0f8","/assets/img/categories/h2.png":"d28c23c2f7b523fcc6d6c9f894b7d76a1f1d23cf72a09dad9a11e337cfc09e3f","/assets/img/categories/h3.png":"02341a075ca2e9568cad41c2f9271a02790f3ea7767d5e215dc0fcbf50501e9d","/assets/img/categories/h4.png":"1996e05c258340ad538ca445fc4c4dafac5f3376e02a4702cccb328bae40dc6e","/assets/img/categories/hello.js":"95608324549e53d8f835d51c4a263122ddaf4f1a428ac51dde2f84abbc930c53","/assets/img/categories/images.jfif":"16a4a997bdfb16341533c1695a41fd56c23f7c10be9086aa154872491ff4c860","/assets/img/houses/house1.png":"14c35b762ab4e6dbe361a9b30416814f1cb6bddab78cd62a5ea51b2a18a44907","/assets/img/houses/house12.png":"3e2baa450b5f406ab8e6399756960eb82785f368db1f376df037e0e935f60e2e","/assets/img/houses/house2.png":"f57ed3e916123e7422d50c13d16f1db37334b4f5bdecd0d1a00ffb17e8b620e9","/assets/img/houses/house5.png":"c2dbfc93b86d16f00257d2444dad171a3eefe083963be8c40dfc4d8e09ca3166","/assets/img/houses/house6.png":"f9b3632c9ed8f4a8a0a287b767cda6c6380ca4aaaf2dc77481066cafd62f299a","/assets/img/houses/house7.png":"5fbea3f66a00969af532d969d3a615658b361e98c8c137e163ab67fbaef9874a","/assets/img/houses/house8.png":"7e18f8e3aea14925fe429e4366323e98ed1c954624a9ce3450bb2bd222f0c496","/assets/img/houses/house9.png":"49a9a5e0ef4aea6cc8f5c5b85a9f72a7cc27af20b39d11ea212ef5b16e2fee9d","/assets/img/office/office.jpeg":"e5915a1c1e9acfce9153e1a31f216b017e3343134188677df80d303ade59859d","/assets/img/office/office2.jpg":"44e11a8eb8fcc5ae1b93d6a8a35221cdc54567d00975ee2bbeb19494256c2b0c","/assets/img/office/office4.jpg":"0edb3037919d92d84c3c9d2d9e5aa8b61722158dbe69799d46623c67f351a566","/assets/img/office/office6.jpg":"c42e54ffe64558c48aba0d1d2d53b2dece683b9bc0e90e749249cbfbe22e3fda","/assets/img/villa/villa1.png":"fd2ce08fd2f039246149c7e114e24cd546941ba55bf1e2a072b17b221c155e9b","/assets/img/villa/villa2.png":"67bd785519974a73a24ea15396a577becb41f9806e0752b97664eeef2206ad00","/assets/img/villa/villa3.png":"2741e8e9c69bc0839db109ff206df48055045abaf55b7de2ddb7286ceac9fc10","/assets/img/villa/villa4.png":"9c6fe14575799afc81752b0abc63e8a3fab8ee4004a4a1804dc5cda3251d9c04","/assets/img/villa/villa5.png":"1931e012319bfc8e0ca7e95fb9c4ee8995aa0484d2a3d6b70b50bccaa5d8541f","/assets/img/villa/villa6.png":"4c1c09a8bd7634ac46a63f2a031d94deb59a7117671ede55d6f4b00cb200c465","/static/css/main.16913119.css":"5ffbfcfef2eb69b266313c3accf9cb007577d3823276f25cc8d302ac08c8406a","/static/css/main.16913119.css.map":"fa00b7d0c3a686678e1693e9a9d3b808583d3228f7b3bb67b27643d2d78a3872","/static/js/787.6ebb6bbc.chunk.js":"51f244ab06d986de98eb4e32cf15fb84309575629704ac252f3979f7ca43c4b6","/static/js/787.6ebb6bbc.chunk.js.map":"0d9c3b89317ae5f0a86f54da7336765562243b8332ae39b50b103264c2be6f87","/static/js/main.20cb1f0b.js":"140fb813757ac0ff1dbf5f98b00f79eb080036bd7d8efb931ca7cf933e885d39","/static/js/main.20cb1f0b.js.LICENSE.txt":"ff31bcc273a1ea17fa0f9471d694c7650d4cd3b2bc78ff0971a5c013676d3928","/static/js/main.20cb1f0b.js.map":"ec224893046f2f84d61e9797df36f7a955e57e92a695529ee855d89c8e6eeb85","/static/media/slick.2630a3e3eab21c607e21.svg":"d00477d40ed40fa1dd3bdee27d9286804121b15fea83bae7d5415d902b055de0","/static/media/slick.295183786cd8a1389865.woff":"029a727c9e1081d2f9e1015f02f18da88f268512ea4f58589a6f17f532928530","/static/media/slick.a4e97f5a2a64f0ab1323.eot":"52b9a169969e053d43df6bd21c4dc789c2518d99afd8590a17ef50cd24c77cf6","/static/media/slick.c94f7671dcc99dce43e2.ttf":"6aad751007cf9a89350af287f824ab64f096c472c7c9c679fb3d55b6174fc004"}}
